<?xml version="1.0" encoding="UTF-8"?>
<testsuite xmlns:xsi="http://www.w3.org/2001/XMLSchema-instance" xsi:noNamespaceSchemaLocation="https://maven.apache.org/surefire/maven-surefire-plugin/xsd/surefire-test-report-3.0.xsd" version="3.0" name="br.com.erudio.rest_with_spring_boot_and_java_erudio.RestWithSpringBootAndJavaErudioApplicationTests" time="4.247" tests="1" errors="0" skipped="0" failures="0">
  <properties>
[...]
</properties>
  <testcase name="contextLoads" classname="br.com.erudio.rest_with_spring_boot_and_java_erudio.RestWithSpringBootAndJavaErudioApplicationTests" time="0.617">
    <system-out><![CDATA[17:13:37.516 [main] INFO org.springframework.test.context.support.AnnotationConfigContextLoaderUtils -- Could not detect default configuration classes for test class [br.com.erudio.rest_with_spring_boot_and_java_erudio.RestWithSpringBootAndJavaErudioApplicationTests]: RestWithSpringBootAndJavaErudioApplicationTests does not declare any static, non-private, non-final, nested classes annotated with @Configuration.
17:13:37.617 [main] INFO org.springframework.boot.test.context.SpringBootTestContextBootstrapper -- Found @SpringBootConfiguration br.com.erudio.Startup for test class br.com.erudio.rest_with_spring_boot_and_java_erudio.RestWithSpringBootAndJavaErudioApplicationTests
17:13:37.741 [main] INFO org.springframework.boot.devtools.restart.RestartApplicationListener -- Restart disabled due to context in which it is running

  .   ____          _            __ _ _
 /\\ / ___'_ __ _ _(_)_ __  __ _ \ \ \ \
( ( )\___ | '_ | '_| | '_ \/ _` | \ \ \ \
 \\/  ___)| |_)| | | | | || (_| |  ) ) ) )
  '  |____| .__|_| |_|_| |_\__, | / / / /
 =========|_|==============|___/=/_/_/_/
 :: Spring Boot ::                (v3.2.0)

2024-09-24T17:13:38.039-03:00  INFO 312 --- [           main] hSpringBootAndJavaErudioApplicationTests : Starting RestWithSpringBootAndJavaErudioApplicationTests using Java 22.0.2 with PID 312 (started by uverlanio.pereira in C:\rest-with-spring-boot-and-java-erudio)
2024-09-24T17:13:38.041-03:00  INFO 312 --- [           main] hSpringBootAndJavaErudioApplicationTests : No active profile set, falling back to 1 default profile: "default"
2024-09-24T17:13:38.690-03:00  INFO 312 --- [           main] .s.d.r.c.RepositoryConfigurationDelegate : Bootstrapping Spring Data JPA repositories in DEFAULT mode.
2024-09-24T17:13:38.745-03:00  INFO 312 --- [           main] .s.d.r.c.RepositoryConfigurationDelegate : Finished Spring Data repository scanning in 43 ms. Found 1 JPA repository interface.
2024-09-24T17:13:39.131-03:00  INFO 312 --- [           main] o.hibernate.jpa.internal.util.LogHelper  : HHH000204: Processing PersistenceUnitInfo [name: default]
2024-09-24T17:13:39.169-03:00  INFO 312 --- [           main] org.hibernate.Version                    : HHH000412: Hibernate ORM core version 6.3.1.Final
2024-09-24T17:13:39.191-03:00  INFO 312 --- [           main] o.h.c.internal.RegionFactoryInitiator    : HHH000026: Second-level cache disabled
2024-09-24T17:13:39.394-03:00  INFO 312 --- [           main] o.s.o.j.p.SpringPersistenceUnitInfo      : No LoadTimeWeaver setup: ignoring JPA class transformer
2024-09-24T17:13:39.427-03:00  INFO 312 --- [           main] com.zaxxer.hikari.HikariDataSource       : HikariPool-1 - Starting...
2024-09-24T17:13:39.680-03:00  INFO 312 --- [           main] com.zaxxer.hikari.pool.HikariPool        : HikariPool-1 - Added connection com.mysql.cj.jdbc.ConnectionImpl@c6a692e
2024-09-24T17:13:39.682-03:00  INFO 312 --- [           main] com.zaxxer.hikari.HikariDataSource       : HikariPool-1 - Start completed.
2024-09-24T17:13:39.727-03:00  WARN 312 --- [           main] org.hibernate.orm.deprecation            : HHH90000025: MySQL8Dialect does not need to be specified explicitly using 'hibernate.dialect' (remove the property setting and it will be selected by default)
2024-09-24T17:13:39.728-03:00  WARN 312 --- [           main] org.hibernate.orm.deprecation            : HHH90000026: MySQL8Dialect has been deprecated; use org.hibernate.dialect.MySQLDialect instead
2024-09-24T17:13:40.257-03:00  INFO 312 --- [           main] o.h.e.t.j.p.i.JtaPlatformInitiator       : HHH000489: No JTA platform available (set 'hibernate.transaction.jta.platform' to enable JTA platform integration)
2024-09-24T17:13:40.285-03:00  INFO 312 --- [           main] j.LocalContainerEntityManagerFactoryBean : Initialized JPA EntityManagerFactory for persistence unit 'default'
2024-09-24T17:13:40.683-03:00  WARN 312 --- [           main] JpaBaseConfiguration$JpaWebConfiguration : spring.jpa.open-in-view is enabled by default. Therefore, database queries may be performed during view rendering. Explicitly configure spring.jpa.open-in-view to disable this warning
2024-09-24T17:13:40.988-03:00  INFO 312 --- [           main] hSpringBootAndJavaErudioApplicationTests : Started RestWithSpringBootAndJavaErudioApplicationTests in 3.257 seconds (process running for 4.152)
]]></system-out>
    <system-err><![CDATA[WARNING: A Java agent has been loaded dynamically (C:\Users\uverlanio.pereira\.m2\repository\net\bytebuddy\byte-buddy-agent\1.14.10\byte-buddy-agent-1.14.10.jar)
WARNING: If a serviceability tool is in use, please run with -XX:+EnableDynamicAgentLoading to hide this warning
WARNING: If a serviceability tool is not in use, please run with -Djdk.instrument.traceUsage for more information
WARNING: Dynamic loading of agents will be disallowed by default in a future release
]]></system-err>
  </testcase>
</testsuite>