<?xml version="1.0" encoding="UTF-8"?>
<testsuite xmlns:xsi="http://www.w3.org/2001/XMLSchema-instance" xsi:noNamespaceSchemaLocation="https://maven.apache.org/surefire/maven-surefire-plugin/xsd/surefire-test-report-3.0.xsd" version="3.0" name="br.com.erudio.rest_with_spring_boot_and_java_erudio.RestWithSpringBootAndJavaErudioApplicationTests" time="2.712" tests="1" errors="0" skipped="0" failures="0">
  <properties>
[...]
</properties>
  <testcase name="contextLoads" classname="br.com.erudio.rest_with_spring_boot_and_java_erudio.RestWithSpringBootAndJavaErudioApplicationTests" time="1.054">
    <system-out><![CDATA[15:33:31.482 [main] INFO org.springframework.test.context.support.AnnotationConfigContextLoaderUtils -- Could not detect default configuration classes for test class [br.com.erudio.rest_with_spring_boot_and_java_erudio.RestWithSpringBootAndJavaErudioApplicationTests]: RestWithSpringBootAndJavaErudioApplicationTests does not declare any static, non-private, non-final, nested classes annotated with @Configuration.
15:33:31.592 [main] INFO org.springframework.boot.test.context.SpringBootTestContextBootstrapper -- Found @SpringBootConfiguration br.com.erudio.Startup for test class br.com.erudio.rest_with_spring_boot_and_java_erudio.RestWithSpringBootAndJavaErudioApplicationTests
15:33:31.702 [main] INFO org.springframework.boot.devtools.restart.RestartApplicationListener -- Restart disabled due to context in which it is running

  .   ____          _            __ _ _
 /\\ / ___'_ __ _ _(_)_ __  __ _ \ \ \ \
( ( )\___ | '_ | '_| | '_ \/ _` | \ \ \ \
 \\/  ___)| |_)| | | | | || (_| |  ) ) ) )
  '  |____| .__|_| |_|_| |_\__, | / / / /
 =========|_|==============|___/=/_/_/_/
 :: Spring Boot ::                (v3.2.0)

2024-09-24T15:33:32.010-03:00  INFO 19288 --- [           main] hSpringBootAndJavaErudioApplicationTests : Starting RestWithSpringBootAndJavaErudioApplicationTests using Java 22.0.2 with PID 19288 (started by uverlanio.pereira in C:\rest-with-spring-boot-and-java-erudio)
2024-09-24T15:33:32.010-03:00  INFO 19288 --- [           main] hSpringBootAndJavaErudioApplicationTests : No active profile set, falling back to 1 default profile: "default"
2024-09-24T15:33:32.996-03:00  INFO 19288 --- [           main] hSpringBootAndJavaErudioApplicationTests : Started RestWithSpringBootAndJavaErudioApplicationTests in 1.309 seconds (process running for 2.135)
]]></system-out>
    <system-err><![CDATA[WARNING: A Java agent has been loaded dynamically (C:\Users\uverlanio.pereira\.m2\repository\net\bytebuddy\byte-buddy-agent\1.14.10\byte-buddy-agent-1.14.10.jar)
WARNING: If a serviceability tool is in use, please run with -XX:+EnableDynamicAgentLoading to hide this warning
WARNING: If a serviceability tool is not in use, please run with -Djdk.instrument.traceUsage for more information
WARNING: Dynamic loading of agents will be disallowed by default in a future release
]]></system-err>
  </testcase>
</testsuite>